<?xml version="1.0" encoding="UTF-8"?>
<testsuite xmlns:xsi="http://www.w3.org/2001/XMLSchema-instance" xsi:noNamespaceSchemaLocation="https://maven.apache.org/surefire/maven-surefire-plugin/xsd/surefire-test-report-3.0.xsd" version="3.0" name="TestSuite" time="22.041" tests="1" errors="0" skipped="0" failures="0">
  <properties>
    <property name="java.specification.version" value="21"/>
    <property name="sun.jnu.encoding" value="UTF-8"/>
    <property name="java.class.path" value="/Users/Ricchy/eclipse-workspace/WAT_project/target/test-classes:/Users/Ricchy/eclipse-workspace/WAT_project/target/classes:/Users/Ricchy/.m2/repository/org/seleniumhq/selenium/selenium-java/4.21.0/selenium-java-4.21.0.jar:/Users/Ricchy/.m2/repository/org/seleniumhq/selenium/selenium-api/4.21.0/selenium-api-4.21.0.jar:/Users/Ricchy/.m2/repository/org/seleniumhq/selenium/selenium-chrome-driver/4.21.0/selenium-chrome-driver-4.21.0.jar:/Users/Ricchy/.m2/repository/com/google/auto/service/auto-service-annotations/1.1.1/auto-service-annotations-1.1.1.jar:/Users/Ricchy/.m2/repository/org/seleniumhq/selenium/selenium-chromium-driver/4.21.0/selenium-chromium-driver-4.21.0.jar:/Users/Ricchy/.m2/repository/org/seleniumhq/selenium/selenium-json/4.21.0/selenium-json-4.21.0.jar:/Users/Ricchy/.m2/repository/org/seleniumhq/selenium/selenium-manager/4.21.0/selenium-manager-4.21.0.jar:/Users/Ricchy/.m2/repository/org/seleniumhq/selenium/selenium-devtools-v123/4.21.0/selenium-devtools-v123-4.21.0.jar:/Users/Ricchy/.m2/repository/org/seleniumhq/selenium/selenium-devtools-v124/4.21.0/selenium-devtools-v124-4.21.0.jar:/Users/Ricchy/.m2/repository/org/seleniumhq/selenium/selenium-devtools-v125/4.21.0/selenium-devtools-v125-4.21.0.jar:/Users/Ricchy/.m2/repository/org/seleniumhq/selenium/selenium-devtools-v85/4.21.0/selenium-devtools-v85-4.21.0.jar:/Users/Ricchy/.m2/repository/org/seleniumhq/selenium/selenium-edge-driver/4.21.0/selenium-edge-driver-4.21.0.jar:/Users/Ricchy/.m2/repository/org/seleniumhq/selenium/selenium-firefox-driver/4.21.0/selenium-firefox-driver-4.21.0.jar:/Users/Ricchy/.m2/repository/org/seleniumhq/selenium/selenium-http/4.21.0/selenium-http-4.21.0.jar:/Users/Ricchy/.m2/repository/dev/failsafe/failsafe/3.3.2/failsafe-3.3.2.jar:/Users/Ricchy/.m2/repository/org/seleniumhq/selenium/selenium-ie-driver/4.21.0/selenium-ie-driver-4.21.0.jar:/Users/Ricchy/.m2/repository/org/seleniumhq/selenium/selenium-remote-driver/4.21.0/selenium-remote-driver-4.21.0.jar:/Users/Ricchy/.m2/repository/io/opentelemetry/semconv/opentelemetry-semconv/1.25.0-alpha/opentelemetry-semconv-1.25.0-alpha.jar:/Users/Ricchy/.m2/repository/io/opentelemetry/opentelemetry-api/1.38.0/opentelemetry-api-1.38.0.jar:/Users/Ricchy/.m2/repository/io/opentelemetry/opentelemetry-context/1.38.0/opentelemetry-context-1.38.0.jar:/Users/Ricchy/.m2/repository/io/opentelemetry/opentelemetry-exporter-logging/1.38.0/opentelemetry-exporter-logging-1.38.0.jar:/Users/Ricchy/.m2/repository/io/opentelemetry/opentelemetry-sdk-common/1.38.0/opentelemetry-sdk-common-1.38.0.jar:/Users/Ricchy/.m2/repository/io/opentelemetry/opentelemetry-sdk-extension-autoconfigure-spi/1.38.0/opentelemetry-sdk-extension-autoconfigure-spi-1.38.0.jar:/Users/Ricchy/.m2/repository/io/opentelemetry/opentelemetry-sdk-extension-autoconfigure/1.38.0/opentelemetry-sdk-extension-autoconfigure-1.38.0.jar:/Users/Ricchy/.m2/repository/io/opentelemetry/opentelemetry-api-incubator/1.38.0-alpha/opentelemetry-api-incubator-1.38.0-alpha.jar:/Users/Ricchy/.m2/repository/io/opentelemetry/opentelemetry-sdk-trace/1.38.0/opentelemetry-sdk-trace-1.38.0.jar:/Users/Ricchy/.m2/repository/io/opentelemetry/opentelemetry-sdk/1.38.0/opentelemetry-sdk-1.38.0.jar:/Users/Ricchy/.m2/repository/io/opentelemetry/opentelemetry-sdk-metrics/1.38.0/opentelemetry-sdk-metrics-1.38.0.jar:/Users/Ricchy/.m2/repository/io/opentelemetry/opentelemetry-sdk-logs/1.38.0/opentelemetry-sdk-logs-1.38.0.jar:/Users/Ricchy/.m2/repository/net/bytebuddy/byte-buddy/1.14.15/byte-buddy-1.14.15.jar:/Users/Ricchy/.m2/repository/org/seleniumhq/selenium/selenium-os/4.21.0/selenium-os-4.21.0.jar:/Users/Ricchy/.m2/repository/org/apache/commons/commons-exec/1.4.0/commons-exec-1.4.0.jar:/Users/Ricchy/.m2/repository/org/seleniumhq/selenium/selenium-safari-driver/4.21.0/selenium-safari-driver-4.21.0.jar:/Users/Ricchy/.m2/repository/org/seleniumhq/selenium/selenium-support/4.21.0/selenium-support-4.21.0.jar:/Users/Ricchy/.m2/repository/org/jsoup/jsoup/1.17.2/jsoup-1.17.2.jar:/Users/Ricchy/.m2/repository/org/testng/testng/7.11.0/testng-7.11.0.jar:/Users/Ricchy/.m2/repository/org/slf4j/slf4j-api/2.0.16/slf4j-api-2.0.16.jar:/Users/Ricchy/.m2/repository/org/jcommander/jcommander/1.83/jcommander-1.83.jar:/Users/Ricchy/.m2/repository/org/webjars/jquery/3.7.1/jquery-3.7.1.jar:/Users/Ricchy/.m2/repository/com/google/cloud/google-cloud-translate/2.27.0/google-cloud-translate-2.27.0.jar:/Users/Ricchy/.m2/repository/io/grpc/grpc-api/1.58.0/grpc-api-1.58.0.jar:/Users/Ricchy/.m2/repository/com/google/code/findbugs/jsr305/3.0.2/jsr305-3.0.2.jar:/Users/Ricchy/.m2/repository/com/google/errorprone/error_prone_annotations/2.20.0/error_prone_annotations-2.20.0.jar:/Users/Ricchy/.m2/repository/io/grpc/grpc-stub/1.58.0/grpc-stub-1.58.0.jar:/Users/Ricchy/.m2/repository/io/grpc/grpc-protobuf/1.58.0/grpc-protobuf-1.58.0.jar:/Users/Ricchy/.m2/repository/io/grpc/grpc-protobuf-lite/1.58.0/grpc-protobuf-lite-1.58.0.jar:/Users/Ricchy/.m2/repository/com/google/api/api-common/2.17.1/api-common-2.17.1.jar:/Users/Ricchy/.m2/repository/com/google/auto/value/auto-value-annotations/1.10.2/auto-value-annotations-1.10.2.jar:/Users/Ricchy/.m2/repository/javax/annotation/javax.annotation-api/1.3.2/javax.annotation-api-1.3.2.jar:/Users/Ricchy/.m2/repository/com/google/protobuf/protobuf-java/3.24.3/protobuf-java-3.24.3.jar:/Users/Ricchy/.m2/repository/com/google/api/grpc/proto-google-common-protos/2.25.1/proto-google-common-protos-2.25.1.jar:/Users/Ricchy/.m2/repository/com/google/api/grpc/proto-google-cloud-translate-v3beta1/0.109.0/proto-google-cloud-translate-v3beta1-0.109.0.jar:/Users/Ricchy/.m2/repository/com/google/api/grpc/proto-google-cloud-translate-v3/2.27.0/proto-google-cloud-translate-v3-2.27.0.jar:/Users/Ricchy/.m2/repository/com/google/guava/guava/32.1.2-jre/guava-32.1.2-jre.jar:/Users/Ricchy/.m2/repository/com/google/guava/failureaccess/1.0.1/failureaccess-1.0.1.jar:/Users/Ricchy/.m2/repository/com/google/guava/listenablefuture/9999.0-empty-to-avoid-conflict-with-guava/listenablefuture-9999.0-empty-to-avoid-conflict-with-guava.jar:/Users/Ricchy/.m2/repository/org/checkerframework/checker-qual/3.33.0/checker-qual-3.33.0.jar:/Users/Ricchy/.m2/repository/com/google/j2objc/j2objc-annotations/2.8/j2objc-annotations-2.8.jar:/Users/Ricchy/.m2/repository/com/google/api/gax/2.34.1/gax-2.34.1.jar:/Users/Ricchy/.m2/repository/io/opencensus/opencensus-api/0.31.1/opencensus-api-0.31.1.jar:/Users/Ricchy/.m2/repository/io/grpc/grpc-context/1.58.0/grpc-context-1.58.0.jar:/Users/Ricchy/.m2/repository/com/google/api/gax-grpc/2.34.1/gax-grpc-2.34.1.jar:/Users/Ricchy/.m2/repository/io/grpc/grpc-inprocess/1.58.0/grpc-inprocess-1.58.0.jar:/Users/Ricchy/.m2/repository/io/grpc/grpc-core/1.58.0/grpc-core-1.58.0.jar:/Users/Ricchy/.m2/repository/com/google/android/annotations/4.1.1.4/annotations-4.1.1.4.jar:/Users/Ricchy/.m2/repository/org/codehaus/mojo/animal-sniffer-annotations/1.23/animal-sniffer-annotations-1.23.jar:/Users/Ricchy/.m2/repository/io/grpc/grpc-util/1.58.0/grpc-util-1.58.0.jar:/Users/Ricchy/.m2/repository/io/grpc/grpc-alts/1.58.0/grpc-alts-1.58.0.jar:/Users/Ricchy/.m2/repository/io/grpc/grpc-grpclb/1.58.0/grpc-grpclb-1.58.0.jar:/Users/Ricchy/.m2/repository/org/conscrypt/conscrypt-openjdk-uber/2.5.2/conscrypt-openjdk-uber-2.5.2.jar:/Users/Ricchy/.m2/repository/io/grpc/grpc-auth/1.58.0/grpc-auth-1.58.0.jar:/Users/Ricchy/.m2/repository/io/grpc/grpc-netty-shaded/1.58.0/grpc-netty-shaded-1.58.0.jar:/Users/Ricchy/.m2/repository/io/perfmark/perfmark-api/0.26.0/perfmark-api-0.26.0.jar:/Users/Ricchy/.m2/repository/io/grpc/grpc-googleapis/1.58.0/grpc-googleapis-1.58.0.jar:/Users/Ricchy/.m2/repository/io/grpc/grpc-xds/1.58.0/grpc-xds-1.58.0.jar:/Users/Ricchy/.m2/repository/io/opencensus/opencensus-proto/0.2.0/opencensus-proto-0.2.0.jar:/Users/Ricchy/.m2/repository/io/grpc/grpc-services/1.58.0/grpc-services-1.58.0.jar:/Users/Ricchy/.m2/repository/com/google/re2j/re2j/1.7/re2j-1.7.jar:/Users/Ricchy/.m2/repository/com/google/api/gax-httpjson/2.34.1/gax-httpjson-2.34.1.jar:/Users/Ricchy/.m2/repository/com/google/code/gson/gson/2.10.1/gson-2.10.1.jar:/Users/Ricchy/.m2/repository/com/google/http-client/google-http-client-gson/1.43.3/google-http-client-gson-1.43.3.jar:/Users/Ricchy/.m2/repository/com/google/protobuf/protobuf-java-util/3.24.3/protobuf-java-util-3.24.3.jar:/Users/Ricchy/.m2/repository/org/threeten/threetenbp/1.6.8/threetenbp-1.6.8.jar:/Users/Ricchy/.m2/repository/com/google/cloud/google-cloud-core/2.24.1/google-cloud-core-2.24.1.jar:/Users/Ricchy/.m2/repository/com/google/api/grpc/proto-google-iam-v1/1.20.1/proto-google-iam-v1-1.20.1.jar:/Users/Ricchy/.m2/repository/com/google/cloud/google-cloud-core-http/2.24.1/google-cloud-core-http-2.24.1.jar:/Users/Ricchy/.m2/repository/com/google/api-client/google-api-client/2.2.0/google-api-client-2.2.0.jar:/Users/Ricchy/.m2/repository/commons-codec/commons-codec/1.15/commons-codec-1.15.jar:/Users/Ricchy/.m2/repository/com/google/oauth-client/google-oauth-client/1.34.1/google-oauth-client-1.34.1.jar:/Users/Ricchy/.m2/repository/com/google/http-client/google-http-client-apache-v2/1.43.3/google-http-client-apache-v2-1.43.3.jar:/Users/Ricchy/.m2/repository/com/google/http-client/google-http-client-appengine/1.43.3/google-http-client-appengine-1.43.3.jar:/Users/Ricchy/.m2/repository/io/opencensus/opencensus-contrib-http-util/0.31.1/opencensus-contrib-http-util-0.31.1.jar:/Users/Ricchy/.m2/repository/com/google/apis/google-api-services-translate/v2-rev20170525-2.0.0/google-api-services-translate-v2-rev20170525-2.0.0.jar:/Users/Ricchy/.m2/repository/com/google/auth/google-auth-library-credentials/1.19.0/google-auth-library-credentials-1.19.0.jar:/Users/Ricchy/.m2/repository/com/google/auth/google-auth-library-oauth2-http/1.19.0/google-auth-library-oauth2-http-1.19.0.jar:/Users/Ricchy/.m2/repository/com/google/http-client/google-http-client/1.43.3/google-http-client-1.43.3.jar:/Users/Ricchy/.m2/repository/org/apache/httpcomponents/httpclient/4.5.14/httpclient-4.5.14.jar:/Users/Ricchy/.m2/repository/commons-logging/commons-logging/1.2/commons-logging-1.2.jar:/Users/Ricchy/.m2/repository/org/apache/httpcomponents/httpcore/4.4.16/httpcore-4.4.16.jar:/Users/Ricchy/.m2/repository/com/google/http-client/google-http-client-jackson2/1.43.3/google-http-client-jackson2-1.43.3.jar:/Users/Ricchy/.m2/repository/com/fasterxml/jackson/core/jackson-core/2.15.2/jackson-core-2.15.2.jar:/Users/Ricchy/.m2/repository/org/apache/httpcomponents/client5/httpclient5/5.3/httpclient5-5.3.jar:/Users/Ricchy/.m2/repository/org/apache/httpcomponents/core5/httpcore5/5.2.4/httpcore5-5.2.4.jar:/Users/Ricchy/.m2/repository/org/apache/httpcomponents/core5/httpcore5-h2/5.2.4/httpcore5-h2-5.2.4.jar:/Users/Ricchy/.m2/repository/com/fasterxml/jackson/core/jackson-databind/2.16.1/jackson-databind-2.16.1.jar:/Users/Ricchy/.m2/repository/com/fasterxml/jackson/core/jackson-annotations/2.16.1/jackson-annotations-2.16.1.jar:/Users/Ricchy/.m2/repository/org/json/json/20230227/json-20230227.jar:"/>
    <property name="java.vm.vendor" value="Oracle Corporation"/>
    <property name="sun.arch.data.model" value="64"/>
    <property name="java.vendor.url" value="https://java.oracle.com/"/>
    <property name="user.timezone" value="Asia/Kolkata"/>
    <property name="os.name" value="Mac OS X"/>
    <property name="java.vm.specification.version" value="21"/>
    <property name="sun.java.launcher" value="SUN_STANDARD"/>
    <property name="user.country" value="GB"/>
    <property name="sun.boot.library.path" value="/Library/Java/JavaVirtualMachines/jdk-21.jdk/Contents/Home/lib"/>
    <property name="sun.java.command" value="/Users/Ricchy/eclipse-workspace/WAT_project/target/surefire/surefirebooter-20250620003932123_3.jar /Users/Ricchy/eclipse-workspace/WAT_project/target/surefire 2025-06-20T00-39-31_831-jvmRun1 surefire-20250620003932123_1tmp surefire_0-20250620003932123_2tmp"/>
    <property name="http.nonProxyHosts" value="local|*.local|169.254/16|*.169.254/16"/>
    <property name="jdk.debug" value="release"/>
    <property name="surefire.test.class.path" value="/Users/Ricchy/eclipse-workspace/WAT_project/target/test-classes:/Users/Ricchy/eclipse-workspace/WAT_project/target/classes:/Users/Ricchy/.m2/repository/org/seleniumhq/selenium/selenium-java/4.21.0/selenium-java-4.21.0.jar:/Users/Ricchy/.m2/repository/org/seleniumhq/selenium/selenium-api/4.21.0/selenium-api-4.21.0.jar:/Users/Ricchy/.m2/repository/org/seleniumhq/selenium/selenium-chrome-driver/4.21.0/selenium-chrome-driver-4.21.0.jar:/Users/Ricchy/.m2/repository/com/google/auto/service/auto-service-annotations/1.1.1/auto-service-annotations-1.1.1.jar:/Users/Ricchy/.m2/repository/org/seleniumhq/selenium/selenium-chromium-driver/4.21.0/selenium-chromium-driver-4.21.0.jar:/Users/Ricchy/.m2/repository/org/seleniumhq/selenium/selenium-json/4.21.0/selenium-json-4.21.0.jar:/Users/Ricchy/.m2/repository/org/seleniumhq/selenium/selenium-manager/4.21.0/selenium-manager-4.21.0.jar:/Users/Ricchy/.m2/repository/org/seleniumhq/selenium/selenium-devtools-v123/4.21.0/selenium-devtools-v123-4.21.0.jar:/Users/Ricchy/.m2/repository/org/seleniumhq/selenium/selenium-devtools-v124/4.21.0/selenium-devtools-v124-4.21.0.jar:/Users/Ricchy/.m2/repository/org/seleniumhq/selenium/selenium-devtools-v125/4.21.0/selenium-devtools-v125-4.21.0.jar:/Users/Ricchy/.m2/repository/org/seleniumhq/selenium/selenium-devtools-v85/4.21.0/selenium-devtools-v85-4.21.0.jar:/Users/Ricchy/.m2/repository/org/seleniumhq/selenium/selenium-edge-driver/4.21.0/selenium-edge-driver-4.21.0.jar:/Users/Ricchy/.m2/repository/org/seleniumhq/selenium/selenium-firefox-driver/4.21.0/selenium-firefox-driver-4.21.0.jar:/Users/Ricchy/.m2/repository/org/seleniumhq/selenium/selenium-http/4.21.0/selenium-http-4.21.0.jar:/Users/Ricchy/.m2/repository/dev/failsafe/failsafe/3.3.2/failsafe-3.3.2.jar:/Users/Ricchy/.m2/repository/org/seleniumhq/selenium/selenium-ie-driver/4.21.0/selenium-ie-driver-4.21.0.jar:/Users/Ricchy/.m2/repository/org/seleniumhq/selenium/selenium-remote-driver/4.21.0/selenium-remote-driver-4.21.0.jar:/Users/Ricchy/.m2/repository/io/opentelemetry/semconv/opentelemetry-semconv/1.25.0-alpha/opentelemetry-semconv-1.25.0-alpha.jar:/Users/Ricchy/.m2/repository/io/opentelemetry/opentelemetry-api/1.38.0/opentelemetry-api-1.38.0.jar:/Users/Ricchy/.m2/repository/io/opentelemetry/opentelemetry-context/1.38.0/opentelemetry-context-1.38.0.jar:/Users/Ricchy/.m2/repository/io/opentelemetry/opentelemetry-exporter-logging/1.38.0/opentelemetry-exporter-logging-1.38.0.jar:/Users/Ricchy/.m2/repository/io/opentelemetry/opentelemetry-sdk-common/1.38.0/opentelemetry-sdk-common-1.38.0.jar:/Users/Ricchy/.m2/repository/io/opentelemetry/opentelemetry-sdk-extension-autoconfigure-spi/1.38.0/opentelemetry-sdk-extension-autoconfigure-spi-1.38.0.jar:/Users/Ricchy/.m2/repository/io/opentelemetry/opentelemetry-sdk-extension-autoconfigure/1.38.0/opentelemetry-sdk-extension-autoconfigure-1.38.0.jar:/Users/Ricchy/.m2/repository/io/opentelemetry/opentelemetry-api-incubator/1.38.0-alpha/opentelemetry-api-incubator-1.38.0-alpha.jar:/Users/Ricchy/.m2/repository/io/opentelemetry/opentelemetry-sdk-trace/1.38.0/opentelemetry-sdk-trace-1.38.0.jar:/Users/Ricchy/.m2/repository/io/opentelemetry/opentelemetry-sdk/1.38.0/opentelemetry-sdk-1.38.0.jar:/Users/Ricchy/.m2/repository/io/opentelemetry/opentelemetry-sdk-metrics/1.38.0/opentelemetry-sdk-metrics-1.38.0.jar:/Users/Ricchy/.m2/repository/io/opentelemetry/opentelemetry-sdk-logs/1.38.0/opentelemetry-sdk-logs-1.38.0.jar:/Users/Ricchy/.m2/repository/net/bytebuddy/byte-buddy/1.14.15/byte-buddy-1.14.15.jar:/Users/Ricchy/.m2/repository/org/seleniumhq/selenium/selenium-os/4.21.0/selenium-os-4.21.0.jar:/Users/Ricchy/.m2/repository/org/apache/commons/commons-exec/1.4.0/commons-exec-1.4.0.jar:/Users/Ricchy/.m2/repository/org/seleniumhq/selenium/selenium-safari-driver/4.21.0/selenium-safari-driver-4.21.0.jar:/Users/Ricchy/.m2/repository/org/seleniumhq/selenium/selenium-support/4.21.0/selenium-support-4.21.0.jar:/Users/Ricchy/.m2/repository/org/jsoup/jsoup/1.17.2/jsoup-1.17.2.jar:/Users/Ricchy/.m2/repository/org/testng/testng/7.11.0/testng-7.11.0.jar:/Users/Ricchy/.m2/repository/org/slf4j/slf4j-api/2.0.16/slf4j-api-2.0.16.jar:/Users/Ricchy/.m2/repository/org/jcommander/jcommander/1.83/jcommander-1.83.jar:/Users/Ricchy/.m2/repository/org/webjars/jquery/3.7.1/jquery-3.7.1.jar:/Users/Ricchy/.m2/repository/com/google/cloud/google-cloud-translate/2.27.0/google-cloud-translate-2.27.0.jar:/Users/Ricchy/.m2/repository/io/grpc/grpc-api/1.58.0/grpc-api-1.58.0.jar:/Users/Ricchy/.m2/repository/com/google/code/findbugs/jsr305/3.0.2/jsr305-3.0.2.jar:/Users/Ricchy/.m2/repository/com/google/errorprone/error_prone_annotations/2.20.0/error_prone_annotations-2.20.0.jar:/Users/Ricchy/.m2/repository/io/grpc/grpc-stub/1.58.0/grpc-stub-1.58.0.jar:/Users/Ricchy/.m2/repository/io/grpc/grpc-protobuf/1.58.0/grpc-protobuf-1.58.0.jar:/Users/Ricchy/.m2/repository/io/grpc/grpc-protobuf-lite/1.58.0/grpc-protobuf-lite-1.58.0.jar:/Users/Ricchy/.m2/repository/com/google/api/api-common/2.17.1/api-common-2.17.1.jar:/Users/Ricchy/.m2/repository/com/google/auto/value/auto-value-annotations/1.10.2/auto-value-annotations-1.10.2.jar:/Users/Ricchy/.m2/repository/javax/annotation/javax.annotation-api/1.3.2/javax.annotation-api-1.3.2.jar:/Users/Ricchy/.m2/repository/com/google/protobuf/protobuf-java/3.24.3/protobuf-java-3.24.3.jar:/Users/Ricchy/.m2/repository/com/google/api/grpc/proto-google-common-protos/2.25.1/proto-google-common-protos-2.25.1.jar:/Users/Ricchy/.m2/repository/com/google/api/grpc/proto-google-cloud-translate-v3beta1/0.109.0/proto-google-cloud-translate-v3beta1-0.109.0.jar:/Users/Ricchy/.m2/repository/com/google/api/grpc/proto-google-cloud-translate-v3/2.27.0/proto-google-cloud-translate-v3-2.27.0.jar:/Users/Ricchy/.m2/repository/com/google/guava/guava/32.1.2-jre/guava-32.1.2-jre.jar:/Users/Ricchy/.m2/repository/com/google/guava/failureaccess/1.0.1/failureaccess-1.0.1.jar:/Users/Ricchy/.m2/repository/com/google/guava/listenablefuture/9999.0-empty-to-avoid-conflict-with-guava/listenablefuture-9999.0-empty-to-avoid-conflict-with-guava.jar:/Users/Ricchy/.m2/repository/org/checkerframework/checker-qual/3.33.0/checker-qual-3.33.0.jar:/Users/Ricchy/.m2/repository/com/google/j2objc/j2objc-annotations/2.8/j2objc-annotations-2.8.jar:/Users/Ricchy/.m2/repository/com/google/api/gax/2.34.1/gax-2.34.1.jar:/Users/Ricchy/.m2/repository/io/opencensus/opencensus-api/0.31.1/opencensus-api-0.31.1.jar:/Users/Ricchy/.m2/repository/io/grpc/grpc-context/1.58.0/grpc-context-1.58.0.jar:/Users/Ricchy/.m2/repository/com/google/api/gax-grpc/2.34.1/gax-grpc-2.34.1.jar:/Users/Ricchy/.m2/repository/io/grpc/grpc-inprocess/1.58.0/grpc-inprocess-1.58.0.jar:/Users/Ricchy/.m2/repository/io/grpc/grpc-core/1.58.0/grpc-core-1.58.0.jar:/Users/Ricchy/.m2/repository/com/google/android/annotations/4.1.1.4/annotations-4.1.1.4.jar:/Users/Ricchy/.m2/repository/org/codehaus/mojo/animal-sniffer-annotations/1.23/animal-sniffer-annotations-1.23.jar:/Users/Ricchy/.m2/repository/io/grpc/grpc-util/1.58.0/grpc-util-1.58.0.jar:/Users/Ricchy/.m2/repository/io/grpc/grpc-alts/1.58.0/grpc-alts-1.58.0.jar:/Users/Ricchy/.m2/repository/io/grpc/grpc-grpclb/1.58.0/grpc-grpclb-1.58.0.jar:/Users/Ricchy/.m2/repository/org/conscrypt/conscrypt-openjdk-uber/2.5.2/conscrypt-openjdk-uber-2.5.2.jar:/Users/Ricchy/.m2/repository/io/grpc/grpc-auth/1.58.0/grpc-auth-1.58.0.jar:/Users/Ricchy/.m2/repository/io/grpc/grpc-netty-shaded/1.58.0/grpc-netty-shaded-1.58.0.jar:/Users/Ricchy/.m2/repository/io/perfmark/perfmark-api/0.26.0/perfmark-api-0.26.0.jar:/Users/Ricchy/.m2/repository/io/grpc/grpc-googleapis/1.58.0/grpc-googleapis-1.58.0.jar:/Users/Ricchy/.m2/repository/io/grpc/grpc-xds/1.58.0/grpc-xds-1.58.0.jar:/Users/Ricchy/.m2/repository/io/opencensus/opencensus-proto/0.2.0/opencensus-proto-0.2.0.jar:/Users/Ricchy/.m2/repository/io/grpc/grpc-services/1.58.0/grpc-services-1.58.0.jar:/Users/Ricchy/.m2/repository/com/google/re2j/re2j/1.7/re2j-1.7.jar:/Users/Ricchy/.m2/repository/com/google/api/gax-httpjson/2.34.1/gax-httpjson-2.34.1.jar:/Users/Ricchy/.m2/repository/com/google/code/gson/gson/2.10.1/gson-2.10.1.jar:/Users/Ricchy/.m2/repository/com/google/http-client/google-http-client-gson/1.43.3/google-http-client-gson-1.43.3.jar:/Users/Ricchy/.m2/repository/com/google/protobuf/protobuf-java-util/3.24.3/protobuf-java-util-3.24.3.jar:/Users/Ricchy/.m2/repository/org/threeten/threetenbp/1.6.8/threetenbp-1.6.8.jar:/Users/Ricchy/.m2/repository/com/google/cloud/google-cloud-core/2.24.1/google-cloud-core-2.24.1.jar:/Users/Ricchy/.m2/repository/com/google/api/grpc/proto-google-iam-v1/1.20.1/proto-google-iam-v1-1.20.1.jar:/Users/Ricchy/.m2/repository/com/google/cloud/google-cloud-core-http/2.24.1/google-cloud-core-http-2.24.1.jar:/Users/Ricchy/.m2/repository/com/google/api-client/google-api-client/2.2.0/google-api-client-2.2.0.jar:/Users/Ricchy/.m2/repository/commons-codec/commons-codec/1.15/commons-codec-1.15.jar:/Users/Ricchy/.m2/repository/com/google/oauth-client/google-oauth-client/1.34.1/google-oauth-client-1.34.1.jar:/Users/Ricchy/.m2/repository/com/google/http-client/google-http-client-apache-v2/1.43.3/google-http-client-apache-v2-1.43.3.jar:/Users/Ricchy/.m2/repository/com/google/http-client/google-http-client-appengine/1.43.3/google-http-client-appengine-1.43.3.jar:/Users/Ricchy/.m2/repository/io/opencensus/opencensus-contrib-http-util/0.31.1/opencensus-contrib-http-util-0.31.1.jar:/Users/Ricchy/.m2/repository/com/google/apis/google-api-services-translate/v2-rev20170525-2.0.0/google-api-services-translate-v2-rev20170525-2.0.0.jar:/Users/Ricchy/.m2/repository/com/google/auth/google-auth-library-credentials/1.19.0/google-auth-library-credentials-1.19.0.jar:/Users/Ricchy/.m2/repository/com/google/auth/google-auth-library-oauth2-http/1.19.0/google-auth-library-oauth2-http-1.19.0.jar:/Users/Ricchy/.m2/repository/com/google/http-client/google-http-client/1.43.3/google-http-client-1.43.3.jar:/Users/Ricchy/.m2/repository/org/apache/httpcomponents/httpclient/4.5.14/httpclient-4.5.14.jar:/Users/Ricchy/.m2/repository/commons-logging/commons-logging/1.2/commons-logging-1.2.jar:/Users/Ricchy/.m2/repository/org/apache/httpcomponents/httpcore/4.4.16/httpcore-4.4.16.jar:/Users/Ricchy/.m2/repository/com/google/http-client/google-http-client-jackson2/1.43.3/google-http-client-jackson2-1.43.3.jar:/Users/Ricchy/.m2/repository/com/fasterxml/jackson/core/jackson-core/2.15.2/jackson-core-2.15.2.jar:/Users/Ricchy/.m2/repository/org/apache/httpcomponents/client5/httpclient5/5.3/httpclient5-5.3.jar:/Users/Ricchy/.m2/repository/org/apache/httpcomponents/core5/httpcore5/5.2.4/httpcore5-5.2.4.jar:/Users/Ricchy/.m2/repository/org/apache/httpcomponents/core5/httpcore5-h2/5.2.4/httpcore5-h2-5.2.4.jar:/Users/Ricchy/.m2/repository/com/fasterxml/jackson/core/jackson-databind/2.16.1/jackson-databind-2.16.1.jar:/Users/Ricchy/.m2/repository/com/fasterxml/jackson/core/jackson-annotations/2.16.1/jackson-annotations-2.16.1.jar:/Users/Ricchy/.m2/repository/org/json/json/20230227/json-20230227.jar:"/>
    <property name="sun.cpu.endian" value="little"/>
    <property name="user.home" value="/Users/Ricchy"/>
    <property name="user.language" value="en"/>
    <property name="java.specification.vendor" value="Oracle Corporation"/>
    <property name="java.version.date" value="2023-10-17"/>
    <property name="java.home" value="/Library/Java/JavaVirtualMachines/jdk-21.jdk/Contents/Home"/>
    <property name="file.separator" value="/"/>
    <property name="basedir" value="/Users/Ricchy/eclipse-workspace/WAT_project"/>
    <property name="style.color" value="always"/>
    <property name="java.vm.compressedOopsMode" value="Zero based"/>
    <property name="line.separator" value="&#10;"/>
    <property name="java.vm.specification.vendor" value="Oracle Corporation"/>
    <property name="java.specification.name" value="Java Platform API Specification"/>
    <property name="apple.awt.application.name" value="ForkedBooter"/>
    <property name="surefire.real.class.path" value="/Users/Ricchy/eclipse-workspace/WAT_project/target/surefire/surefirebooter-20250620003932123_3.jar"/>
    <property name="sun.management.compiler" value="HotSpot 64-Bit Tiered Compilers"/>
    <property name="ftp.nonProxyHosts" value="local|*.local|169.254/16|*.169.254/16"/>
    <property name="java.runtime.version" value="21.0.1+12-LTS-29"/>
    <property name="user.name" value="Ricchy"/>
    <property name="stdout.encoding" value="UTF-8"/>
    <property name="path.separator" value=":"/>
    <property name="otel.metrics.exporter" value="none"/>
    <property name="os.version" value="12.7.6"/>
    <property name="java.runtime.name" value="Java(TM) SE Runtime Environment"/>
    <property name="otel.traces.exporter" value="none"/>
    <property name="file.encoding" value="UTF-8"/>
    <property name="sun.net.http.allowRestrictedHeaders" value="true"/>
    <property name="java.vm.name" value="Java HotSpot(TM) 64-Bit Server VM"/>
    <property name="localRepository" value="/Users/Ricchy/.m2/repository"/>
    <property name="java.vendor.url.bug" value="https://bugreport.java.com/bugreport/"/>
    <property name="otel.logs.exporter" value="none"/>
    <property name="java.io.tmpdir" value="/var/folders/p3/4d9fr6rx60q6gbz6frg6s98m0000gn/T/"/>
    <property name="java.version" value="21.0.1"/>
    <property name="user.dir" value="/Users/Ricchy/eclipse-workspace/WAT_project"/>
    <property name="os.arch" value="x86_64"/>
    <property name="java.vm.specification.name" value="Java Virtual Machine Specification"/>
    <property name="native.encoding" value="UTF-8"/>
    <property name="java.library.path" value="/Users/Ricchy/Library/Java/Extensions:/Library/Java/Extensions:/Network/Library/Java/Extensions:/System/Library/Java/Extensions:/usr/lib/java:."/>
    <property name="java.vm.info" value="mixed mode, sharing"/>
    <property name="stderr.encoding" value="UTF-8"/>
    <property name="java.vendor" value="Oracle Corporation"/>
    <property name="java.vm.version" value="21.0.1+12-LTS-29"/>
    <property name="sun.io.unicode.encoding" value="UnicodeBig"/>
    <property name="socksNonProxyHosts" value="local|*.local|169.254/16|*.169.254/16"/>
    <property name="java.class.version" value="65.0"/>
  </properties>
  <testcase name="WordCounting" classname="Tests.WordCounter" time="11.004">
    <system-out><![CDATA[Title 1. Los sótanos del poder
Content : Pese a que presuman de feministas, los partidos se siguen sustentando en códigos de masculinidad compartidos que excluyen y cosifican a las mujeres

Saved image as : cover_1.jpg?auth=40da30ddf4d153135b56edaca39ab65444a15314915e8c535dd4488efbfcee1a&width=414

 
Title 2. ‘Recuerdo / Invento / Pimiento’
Content : Dicen que una fotografía prueba que alguien estuvo, existió, vivió. Pero, ¿y si esa prueba está intervenida? ¿Podemos recordar algo que no ocurrió y que es muy raro? Liliana Peligro recupera fotos antiguas en archivos, mercadillos, almonedas y librerías de viejo, paisajes de otros tiempos, escenas cuyo contexto desconocemos, para reinterpretarlas mezclando lo absurdo y lo nostálgico

Saved image as : cover_2.jpg?auth=f26a92448e36de7a136d7c9d0da1462f87ae47ee5b29472e0fe5706fbdaf2c38&width=414

 
Title 3. Retomar la iniciativa y recuperar la confianza
Content : Pedro Sánchez necesita impulsar cambios internos en el PSOE, pactar con los socios una cuestión de confianza y remodelar el Gobierno

Saved image as : cover_3.jpg?auth=c2e66e9f11f851cbf579694a193c19321143fde787b844f0f7861c0c33cad691&width=414

 
Title 4. El Roto: OTAN, ropa masculina
Content : Viñeta del 19 de junio de 2025

Saved image as : cover_4.jpg?auth=065d636dbfab1d7bccbea39fec4cd8253f4fd2ab49c588f81ee964ffac08869a&width=414

 
Title 5. Flavita Banana: el patito feo por dentro
Content : Viñeta del 19 de junio de 2025

Saved image as : cover_5.jpg?auth=d27b035fe8b73069da52e5455a840b413d6d0335cecf0fc0572ed9995c34505b&width=414

 
combined Spanish Sentence : Los sótanos del poder. ‘Recuerdo / Invento / Pimiento’. Retomar la iniciativa y recuperar la confianza. El Roto: OTAN, ropa masculina. Flavita Banana: el patito feo por dentro.
Translated English Sentence : The basements of power. ‘Memory / invention / pepper’. Relist the initiative and recover trust. The broken: NATO, male clothes. Flavita Banana: The ugly duckling inside.

the: 4
]]></system-out>
    <system-err><![CDATA[SLF4J(W): No SLF4J providers were found.
SLF4J(W): Defaulting to no-operation (NOP) logger implementation
SLF4J(W): See https://www.slf4j.org/codes.html#noProviders for further details.
Jun 20, 2025 12:39:35 AM org.openqa.selenium.remote.tracing.opentelemetry.OpenTelemetryTracer createTracer
INFO: Using OpenTelemetry for tracing
]]></system-err>
  </testcase>
</testsuite>