<?xml version="1.0" encoding="UTF-8"?>
<!-- Generated by org.testng.reporters.JUnitReportReporter -->
<testsuite hostname="Richys-MacBook-Air.local" failures="0" tests="1" name="Tests.WordCounter" time="17.117" errors="0" timestamp="2025-06-19T23:00:41 IST" skipped="0">
  <testcase classname="Tests.WordCounter" name="WordCounting" time="17.117"/>
</testsuite> <!-- Tests.WordCounter -->
