<?xml version="1.0" encoding="UTF-8"?>
<!-- Generated by org.testng.reporters.JUnitReportReporter -->
<testsuite hostname="Richys-MacBook-Air.local" failures="0" tests="1" name="Tests.WordCounter" time="19.909" errors="0" timestamp="2025-06-20T00:39:55 IST" skipped="0">
  <testcase classname="Tests.WordCounter" name="WordCounting" time="19.909"/>
</testsuite> <!-- Tests.WordCounter -->
